<?xml version="1.0" encoding="UTF-8"?>
<!-- Generated by org.testng.reporters.JUnitReportReporter -->
<testsuite hostname="Kajukatri" failures="0" tests="2" name="com.qa.switchhealth.tests.SignInPage" time="1.652" errors="0" timestamp="2023-12-20T16:44:55 EST" skipped="0">
  <testcase classname="com.qa.switchhealth.tests.SignInPage" name="getUrl" time="1.632"/>
  <testcase classname="com.qa.switchhealth.tests.SignInPage" name="getTitlePage" time="0.020"/>
</testsuite> <!-- com.qa.switchhealth.tests.SignInPage -->
